<?xml version="1.0" encoding="UTF-8"?>
<testng-results skipped="0" failed="0" ignored="0" total="1" passed="1">
  <reporter-output>
    <line>
      <![CDATA[Stetting up report and Test is getting ready]]>
    </line>
    <line>
      <![CDATA[Setting done-Test can be started]]>
    </line>
    <line>
      <![CDATA[Browser and Application are up and running]]>
    </line>
  </reporter-output>
  <suite name="Suite" duration-ms="26034" started-at="2019-12-25T17:00:34Z" finished-at="2019-12-25T17:01:00Z">
    <groups>
    </groups>
    <test name="Test" duration-ms="26034" started-at="2019-12-25T17:00:34Z" finished-at="2019-12-25T17:01:00Z">
      <class name="com.learnautomation.testcases.LoginTestHRM">
        <test-method status="PASS" signature="setUpSuit()[pri:0, instance:com.learnautomation.testcases.LoginTestHRM@291ae]" name="setUpSuit" is-config="true" duration-ms="915" started-at="2019-12-25T17:00:33Z" finished-at="2019-12-25T17:00:34Z">
          <reporter-output>
            <line>
              <![CDATA[Stetting up report and Test is getting ready]]>
            </line>
            <line>
              <![CDATA[Setting done-Test can be started]]>
            </line>
          </reporter-output>
        </test-method> <!-- setUpSuit -->
        <test-method status="PASS" signature="setup()[pri:0, instance:com.learnautomation.testcases.LoginTestHRM@291ae]" name="setup" is-config="true" duration-ms="18618" started-at="2019-12-25T17:00:34Z" finished-at="2019-12-25T17:00:52Z">
          <reporter-output>
            <line>
              <![CDATA[Browser and Application are up and running]]>
            </line>
          </reporter-output>
        </test-method> <!-- setup -->
        <test-method status="PASS" signature="loginToApp()[pri:1, instance:com.learnautomation.testcases.LoginTestHRM@291ae]" name="loginToApp" duration-ms="2355" started-at="2019-12-25T17:00:52Z" finished-at="2019-12-25T17:00:55Z">
          <reporter-output>
          </reporter-output>
        </test-method> <!-- loginToApp -->
        <test-method status="PASS" signature="tearDownMethod(org.testng.ITestResult)[pri:0, instance:com.learnautomation.testcases.LoginTestHRM@291ae]" name="tearDownMethod" is-config="true" duration-ms="1909" started-at="2019-12-25T17:00:55Z" finished-at="2019-12-25T17:00:56Z">
          <params>
            <param index="0">
              <value>
                <![CDATA[[TestResult name=loginToApp status=SUCCESS method=LoginTestHRM.loginToApp()[pri:1, instance:com.learnautomation.testcases.LoginTestHRM@291ae] output={null}]]]>
              </value>
            </param>
          </params>
          <reporter-output>
          </reporter-output>
        </test-method> <!-- tearDownMethod -->
        <test-method status="PASS" signature="tearDown()[pri:0, instance:com.learnautomation.testcases.LoginTestHRM@291ae]" name="tearDown" is-config="true" duration-ms="3120" started-at="2019-12-25T17:00:56Z" finished-at="2019-12-25T17:01:00Z">
          <reporter-output>
          </reporter-output>
        </test-method> <!-- tearDown -->
      </class> <!-- com.learnautomation.testcases.LoginTestHRM -->
    </test> <!-- Test -->
  </suite> <!-- Suite -->
</testng-results>
