<?xml version="1.0" encoding="UTF-8"?>
<testng-results skipped="1" failed="0" ignored="0" total="1" passed="0">
  <reporter-output>
    <line>
      <![CDATA[Stetting up report and Test is getting ready]]>
    </line>
    <line>
      <![CDATA[Setting done-Test can be started]]>
    </line>
  </reporter-output>
  <suite name="Default suite" duration-ms="2338" started-at="2020-04-28T14:50:33Z" finished-at="2020-04-28T14:50:35Z">
    <groups>
    </groups>
    <test name="Default test" duration-ms="2338" started-at="2020-04-28T14:50:33Z" finished-at="2020-04-28T14:50:35Z">
      <class name="com.learnautomation.testcases.AddJobTitle">
        <test-method status="PASS" signature="setUpSuit()[pri:0, instance:com.learnautomation.testcases.AddJobTitle@ed9d034]" name="setUpSuit" is-config="true" duration-ms="906" started-at="2020-04-28T14:50:32Z" finished-at="2020-04-28T14:50:33Z">
          <reporter-output>
            <line>
              <![CDATA[Stetting up report and Test is getting ready]]>
            </line>
            <line>
              <![CDATA[Setting done-Test can be started]]>
            </line>
          </reporter-output>
        </test-method> <!-- setUpSuit -->
        <test-method status="FAIL" signature="setup()[pri:0, instance:com.learnautomation.testcases.AddJobTitle@ed9d034]" name="setup" is-config="true" duration-ms="2304" started-at="2020-04-28T14:50:33Z" finished-at="2020-04-28T14:50:35Z">
          <exception class="org.openqa.selenium.SessionNotCreatedException">
            <message>
              <![CDATA[session not created: This version of ChromeDriver only supports Chrome version 79
Build info: version: '3.5.3', revision: 'a88d25fe6b', time: '2017-08-29T12:42:44.417Z'
System info: host: 'MININT-SMKHDAE', ip: '172.18.63.20', os.name: 'Windows 10', os.arch: 'amd64', os.version: '10.0', java.version: '1.8.0_221'
Driver info: driver.version: ChromeDriver
remote stacktrace: Backtrace:
Ordinal0 [0x0090A113+1548563]
Ordinal0 [0x0088DDA1+1039777]
Ordinal0 [0x0080E485+517253]
Ordinal0 [0x0079FD34+64820]
Ordinal0 [0x0079C61E+50718]
Ordinal0 [0x007BB797+178071]
Ordinal0 [0x007BB59D+177565]
Ordinal0 [0x007B95FB+169467]
Ordinal0 [0x007A160A+71178]
Ordinal0 [0x007A2690+75408]
Ordinal0 [0x007A2629+75305]
Ordinal0 [0x008A71B7+1143223]
GetHandleVerifier [0x009A2B46+507814]
GetHandleVerifier [0x009A2864+507076]
GetHandleVerifier [0x009A9F47+537511]
GetHandleVerifier [0x009A3402+510050]
Ordinal0 [0x0089F29C+1110684]
Ordinal0 [0x008A938B+1151883]
Ordinal0 [0x008A94F3+1152243]
Ordinal0 [0x008A83F5+1147893]
BaseThreadInitThunk [0x76C56359+25]
RtlGetAppContainerNamedObjectPath [0x771C7C14+228]
RtlGetAppContainerNamedObjectPath [0x771C7BE4+180]
]]>
            </message>
            <full-stacktrace>
              <![CDATA[org.openqa.selenium.SessionNotCreatedException: session not created: This version of ChromeDriver only supports Chrome version 79
Build info: version: '3.5.3', revision: 'a88d25fe6b', time: '2017-08-29T12:42:44.417Z'
System info: host: 'MININT-SMKHDAE', ip: '172.18.63.20', os.name: 'Windows 10', os.arch: 'amd64', os.version: '10.0', java.version: '1.8.0_221'
Driver info: driver.version: ChromeDriver
remote stacktrace: Backtrace:
Ordinal0 [0x0090A113+1548563]
Ordinal0 [0x0088DDA1+1039777]
Ordinal0 [0x0080E485+517253]
Ordinal0 [0x0079FD34+64820]
Ordinal0 [0x0079C61E+50718]
Ordinal0 [0x007BB797+178071]
Ordinal0 [0x007BB59D+177565]
Ordinal0 [0x007B95FB+169467]
Ordinal0 [0x007A160A+71178]
Ordinal0 [0x007A2690+75408]
Ordinal0 [0x007A2629+75305]
Ordinal0 [0x008A71B7+1143223]
GetHandleVerifier [0x009A2B46+507814]
GetHandleVerifier [0x009A2864+507076]
GetHandleVerifier [0x009A9F47+537511]
GetHandleVerifier [0x009A3402+510050]
Ordinal0 [0x0089F29C+1110684]
Ordinal0 [0x008A938B+1151883]
Ordinal0 [0x008A94F3+1152243]
Ordinal0 [0x008A83F5+1147893]
BaseThreadInitThunk [0x76C56359+25]
RtlGetAppContainerNamedObjectPath [0x771C7C14+228]
RtlGetAppContainerNamedObjectPath [0x771C7BE4+180]

at sun.reflect.NativeConstructorAccessorImpl.newInstance0(Native Method)
at sun.reflect.NativeConstructorAccessorImpl.newInstance(NativeConstructorAccessorImpl.java:62)
at sun.reflect.DelegatingConstructorAccessorImpl.newInstance(DelegatingConstructorAccessorImpl.java:45)
at java.lang.reflect.Constructor.newInstance(Constructor.java:423)
at org.openqa.selenium.remote.W3CHandshakeResponse.lambda$new$0(W3CHandshakeResponse.java:57)
at org.openqa.selenium.remote.W3CHandshakeResponse.lambda$getResponseFunction$2(W3CHandshakeResponse.java:104)
at org.openqa.selenium.remote.ProtocolHandshake.lambda$createSession$24(ProtocolHandshake.java:359)
at java.util.stream.ReferencePipeline$3$1.accept(ReferencePipeline.java:193)
at java.util.Spliterators$ArraySpliterator.tryAdvance(Spliterators.java:958)
at java.util.stream.ReferencePipeline.forEachWithCancel(ReferencePipeline.java:126)
at java.util.stream.AbstractPipeline.copyIntoWithCancel(AbstractPipeline.java:499)
at java.util.stream.AbstractPipeline.copyInto(AbstractPipeline.java:486)
at java.util.stream.AbstractPipeline.wrapAndCopyInto(AbstractPipeline.java:472)
at java.util.stream.FindOps$FindOp.evaluateSequential(FindOps.java:152)
at java.util.stream.AbstractPipeline.evaluate(AbstractPipeline.java:234)
at java.util.stream.ReferencePipeline.findFirst(ReferencePipeline.java:464)
at org.openqa.selenium.remote.ProtocolHandshake.createSession(ProtocolHandshake.java:362)
at org.openqa.selenium.remote.ProtocolHandshake.createSession(ProtocolHandshake.java:136)
at org.openqa.selenium.remote.HttpCommandExecutor.execute(HttpCommandExecutor.java:142)
at org.openqa.selenium.remote.service.DriverCommandExecutor.execute(DriverCommandExecutor.java:82)
at org.openqa.selenium.remote.RemoteWebDriver.execute(RemoteWebDriver.java:646)
at org.openqa.selenium.remote.RemoteWebDriver.startSession(RemoteWebDriver.java:255)
at org.openqa.selenium.remote.RemoteWebDriver.startSession(RemoteWebDriver.java:237)
at org.openqa.selenium.remote.RemoteWebDriver.<init>(RemoteWebDriver.java:138)
at org.openqa.selenium.chrome.ChromeDriver.<init>(ChromeDriver.java:178)
at org.openqa.selenium.chrome.ChromeDriver.<init>(ChromeDriver.java:167)
at org.openqa.selenium.chrome.ChromeDriver.<init>(ChromeDriver.java:124)
at com.learnautomation.utility.BrowserFactory.startApplication(BrowserFactory.java:16)
at com.learnautomation.pages.BaseClass.setup(BaseClass.java:47)
at sun.reflect.NativeMethodAccessorImpl.invoke0(Native Method)
at sun.reflect.NativeMethodAccessorImpl.invoke(NativeMethodAccessorImpl.java:62)
at sun.reflect.DelegatingMethodAccessorImpl.invoke(DelegatingMethodAccessorImpl.java:43)
at java.lang.reflect.Method.invoke(Method.java:498)
at org.testng.internal.MethodInvocationHelper.invokeMethod(MethodInvocationHelper.java:124)
at org.testng.internal.MethodInvocationHelper.invokeMethodConsideringTimeout(MethodInvocationHelper.java:59)
at org.testng.internal.Invoker.invokeConfigurationMethod(Invoker.java:458)
at org.testng.internal.Invoker.invokeConfigurations(Invoker.java:222)
at org.testng.internal.Invoker.invokeConfigurations(Invoker.java:142)
at org.testng.internal.TestMethodWorker.invokeBeforeClassMethods(TestMethodWorker.java:168)
at org.testng.internal.TestMethodWorker.run(TestMethodWorker.java:105)
at org.testng.TestRunner.privateRun(TestRunner.java:648)
at org.testng.TestRunner.run(TestRunner.java:505)
at org.testng.SuiteRunner.runTest(SuiteRunner.java:455)
at org.testng.SuiteRunner.runSequentially(SuiteRunner.java:450)
at org.testng.SuiteRunner.privateRun(SuiteRunner.java:415)
at org.testng.SuiteRunner.run(SuiteRunner.java:364)
at org.testng.SuiteRunnerWorker.runSuite(SuiteRunnerWorker.java:52)
at org.testng.SuiteRunnerWorker.run(SuiteRunnerWorker.java:84)
at org.testng.TestNG.runSuitesSequentially(TestNG.java:1208)
at org.testng.TestNG.runSuitesLocally(TestNG.java:1137)
at org.testng.TestNG.runSuites(TestNG.java:1049)
at org.testng.TestNG.run(TestNG.java:1017)
at org.testng.remote.AbstractRemoteTestNG.run(AbstractRemoteTestNG.java:115)
at org.testng.remote.RemoteTestNG.initAndRun(RemoteTestNG.java:251)
at org.testng.remote.RemoteTestNG.main(RemoteTestNG.java:77)
]]>
            </full-stacktrace>
          </exception> <!-- org.openqa.selenium.SessionNotCreatedException -->
          <reporter-output>
          </reporter-output>
        </test-method> <!-- setup -->
        <test-method status="SKIP" signature="addJobTitle()[pri:1, instance:com.learnautomation.testcases.AddJobTitle@ed9d034]" name="addJobTitle" duration-ms="0" started-at="2020-04-28T14:50:35Z" finished-at="2020-04-28T14:50:35Z">
          <exception class="org.openqa.selenium.SessionNotCreatedException">
            <message>
              <![CDATA[session not created: This version of ChromeDriver only supports Chrome version 79
Build info: version: '3.5.3', revision: 'a88d25fe6b', time: '2017-08-29T12:42:44.417Z'
System info: host: 'MININT-SMKHDAE', ip: '172.18.63.20', os.name: 'Windows 10', os.arch: 'amd64', os.version: '10.0', java.version: '1.8.0_221'
Driver info: driver.version: ChromeDriver
remote stacktrace: Backtrace:
Ordinal0 [0x0090A113+1548563]
Ordinal0 [0x0088DDA1+1039777]
Ordinal0 [0x0080E485+517253]
Ordinal0 [0x0079FD34+64820]
Ordinal0 [0x0079C61E+50718]
Ordinal0 [0x007BB797+178071]
Ordinal0 [0x007BB59D+177565]
Ordinal0 [0x007B95FB+169467]
Ordinal0 [0x007A160A+71178]
Ordinal0 [0x007A2690+75408]
Ordinal0 [0x007A2629+75305]
Ordinal0 [0x008A71B7+1143223]
GetHandleVerifier [0x009A2B46+507814]
GetHandleVerifier [0x009A2864+507076]
GetHandleVerifier [0x009A9F47+537511]
GetHandleVerifier [0x009A3402+510050]
Ordinal0 [0x0089F29C+1110684]
Ordinal0 [0x008A938B+1151883]
Ordinal0 [0x008A94F3+1152243]
Ordinal0 [0x008A83F5+1147893]
BaseThreadInitThunk [0x76C56359+25]
RtlGetAppContainerNamedObjectPath [0x771C7C14+228]
RtlGetAppContainerNamedObjectPath [0x771C7BE4+180]
]]>
            </message>
            <full-stacktrace>
              <![CDATA[org.openqa.selenium.SessionNotCreatedException: session not created: This version of ChromeDriver only supports Chrome version 79
Build info: version: '3.5.3', revision: 'a88d25fe6b', time: '2017-08-29T12:42:44.417Z'
System info: host: 'MININT-SMKHDAE', ip: '172.18.63.20', os.name: 'Windows 10', os.arch: 'amd64', os.version: '10.0', java.version: '1.8.0_221'
Driver info: driver.version: ChromeDriver
remote stacktrace: Backtrace:
Ordinal0 [0x0090A113+1548563]
Ordinal0 [0x0088DDA1+1039777]
Ordinal0 [0x0080E485+517253]
Ordinal0 [0x0079FD34+64820]
Ordinal0 [0x0079C61E+50718]
Ordinal0 [0x007BB797+178071]
Ordinal0 [0x007BB59D+177565]
Ordinal0 [0x007B95FB+169467]
Ordinal0 [0x007A160A+71178]
Ordinal0 [0x007A2690+75408]
Ordinal0 [0x007A2629+75305]
Ordinal0 [0x008A71B7+1143223]
GetHandleVerifier [0x009A2B46+507814]
GetHandleVerifier [0x009A2864+507076]
GetHandleVerifier [0x009A9F47+537511]
GetHandleVerifier [0x009A3402+510050]
Ordinal0 [0x0089F29C+1110684]
Ordinal0 [0x008A938B+1151883]
Ordinal0 [0x008A94F3+1152243]
Ordinal0 [0x008A83F5+1147893]
BaseThreadInitThunk [0x76C56359+25]
RtlGetAppContainerNamedObjectPath [0x771C7C14+228]
RtlGetAppContainerNamedObjectPath [0x771C7BE4+180]

at sun.reflect.NativeConstructorAccessorImpl.newInstance0(Native Method)
at sun.reflect.NativeConstructorAccessorImpl.newInstance(NativeConstructorAccessorImpl.java:62)
at sun.reflect.DelegatingConstructorAccessorImpl.newInstance(DelegatingConstructorAccessorImpl.java:45)
at java.lang.reflect.Constructor.newInstance(Constructor.java:423)
at org.openqa.selenium.remote.W3CHandshakeResponse.lambda$new$0(W3CHandshakeResponse.java:57)
at org.openqa.selenium.remote.W3CHandshakeResponse.lambda$getResponseFunction$2(W3CHandshakeResponse.java:104)
at org.openqa.selenium.remote.ProtocolHandshake.lambda$createSession$24(ProtocolHandshake.java:359)
at java.util.stream.ReferencePipeline$3$1.accept(ReferencePipeline.java:193)
at java.util.Spliterators$ArraySpliterator.tryAdvance(Spliterators.java:958)
at java.util.stream.ReferencePipeline.forEachWithCancel(ReferencePipeline.java:126)
at java.util.stream.AbstractPipeline.copyIntoWithCancel(AbstractPipeline.java:499)
at java.util.stream.AbstractPipeline.copyInto(AbstractPipeline.java:486)
at java.util.stream.AbstractPipeline.wrapAndCopyInto(AbstractPipeline.java:472)
at java.util.stream.FindOps$FindOp.evaluateSequential(FindOps.java:152)
at java.util.stream.AbstractPipeline.evaluate(AbstractPipeline.java:234)
at java.util.stream.ReferencePipeline.findFirst(ReferencePipeline.java:464)
at org.openqa.selenium.remote.ProtocolHandshake.createSession(ProtocolHandshake.java:362)
at org.openqa.selenium.remote.ProtocolHandshake.createSession(ProtocolHandshake.java:136)
at org.openqa.selenium.remote.HttpCommandExecutor.execute(HttpCommandExecutor.java:142)
at org.openqa.selenium.remote.service.DriverCommandExecutor.execute(DriverCommandExecutor.java:82)
at org.openqa.selenium.remote.RemoteWebDriver.execute(RemoteWebDriver.java:646)
at org.openqa.selenium.remote.RemoteWebDriver.startSession(RemoteWebDriver.java:255)
at org.openqa.selenium.remote.RemoteWebDriver.startSession(RemoteWebDriver.java:237)
at org.openqa.selenium.remote.RemoteWebDriver.<init>(RemoteWebDriver.java:138)
at org.openqa.selenium.chrome.ChromeDriver.<init>(ChromeDriver.java:178)
at org.openqa.selenium.chrome.ChromeDriver.<init>(ChromeDriver.java:167)
at org.openqa.selenium.chrome.ChromeDriver.<init>(ChromeDriver.java:124)
at com.learnautomation.utility.BrowserFactory.startApplication(BrowserFactory.java:16)
at com.learnautomation.pages.BaseClass.setup(BaseClass.java:47)
at sun.reflect.NativeMethodAccessorImpl.invoke0(Native Method)
at sun.reflect.NativeMethodAccessorImpl.invoke(NativeMethodAccessorImpl.java:62)
at sun.reflect.DelegatingMethodAccessorImpl.invoke(DelegatingMethodAccessorImpl.java:43)
at java.lang.reflect.Method.invoke(Method.java:498)
at org.testng.internal.MethodInvocationHelper.invokeMethod(MethodInvocationHelper.java:124)
at org.testng.internal.MethodInvocationHelper.invokeMethodConsideringTimeout(MethodInvocationHelper.java:59)
at org.testng.internal.Invoker.invokeConfigurationMethod(Invoker.java:458)
at org.testng.internal.Invoker.invokeConfigurations(Invoker.java:222)
at org.testng.internal.Invoker.invokeConfigurations(Invoker.java:142)
at org.testng.internal.TestMethodWorker.invokeBeforeClassMethods(TestMethodWorker.java:168)
at org.testng.internal.TestMethodWorker.run(TestMethodWorker.java:105)
at org.testng.TestRunner.privateRun(TestRunner.java:648)
at org.testng.TestRunner.run(TestRunner.java:505)
at org.testng.SuiteRunner.runTest(SuiteRunner.java:455)
at org.testng.SuiteRunner.runSequentially(SuiteRunner.java:450)
at org.testng.SuiteRunner.privateRun(SuiteRunner.java:415)
at org.testng.SuiteRunner.run(SuiteRunner.java:364)
at org.testng.SuiteRunnerWorker.runSuite(SuiteRunnerWorker.java:52)
at org.testng.SuiteRunnerWorker.run(SuiteRunnerWorker.java:84)
at org.testng.TestNG.runSuitesSequentially(TestNG.java:1208)
at org.testng.TestNG.runSuitesLocally(TestNG.java:1137)
at org.testng.TestNG.runSuites(TestNG.java:1049)
at org.testng.TestNG.run(TestNG.java:1017)
at org.testng.remote.AbstractRemoteTestNG.run(AbstractRemoteTestNG.java:115)
at org.testng.remote.RemoteTestNG.initAndRun(RemoteTestNG.java:251)
at org.testng.remote.RemoteTestNG.main(RemoteTestNG.java:77)
]]>
            </full-stacktrace>
          </exception> <!-- org.openqa.selenium.SessionNotCreatedException -->
          <reporter-output>
          </reporter-output>
        </test-method> <!-- addJobTitle -->
        <test-method status="SKIP" signature="tearDownMethod(org.testng.ITestResult)[pri:0, instance:com.learnautomation.testcases.AddJobTitle@ed9d034]" name="tearDownMethod" is-config="true" duration-ms="0" started-at="2020-04-28T14:50:35Z" finished-at="2020-04-28T14:50:35Z">
          <reporter-output>
          </reporter-output>
        </test-method> <!-- tearDownMethod -->
        <test-method status="SKIP" signature="tearDown()[pri:0, instance:com.learnautomation.testcases.AddJobTitle@ed9d034]" name="tearDown" is-config="true" duration-ms="0" started-at="2020-04-28T14:50:35Z" finished-at="2020-04-28T14:50:35Z">
          <reporter-output>
          </reporter-output>
        </test-method> <!-- tearDown -->
      </class> <!-- com.learnautomation.testcases.AddJobTitle -->
    </test> <!-- Default test -->
  </suite> <!-- Default suite -->
</testng-results>
