<?xml version="1.0" encoding="UTF-8"?>
<!-- Generated by org.testng.reporters.JUnitXMLReporter -->
<testsuite hostname="MININT-SMKHDAE" ignored="0" name="Test" tests="1" failures="1" timestamp="12 Feb 2020 14:34:52 GMT" time="2.728" errors="0">
  <testcase name="@AfterMethod tearDownMethod" time="0.006" classname="com.learnautomation.pages.BaseClass">
    <failure type="java.lang.RuntimeException" message="Unexpected result for screenshot command: com.google.common.collect.Maps$TransformedEntriesMap instance">
      <![CDATA[java.lang.RuntimeException: Unexpected result for screenshot command: com.google.common.collect.Maps$TransformedEntriesMap instance
at org.openqa.selenium.remote.RemoteWebDriver.getScreenshotAs(RemoteWebDriver.java:349)
at com.learnautomation.utility.Helper.captureScreenshot(Helper.java:20)
at com.learnautomation.pages.BaseClass.tearDownMethod(BaseClass.java:61)
... Removed 28 stack frames]]>
    </failure>
  </testcase> <!-- @AfterMethod tearDownMethod -->
  <testcase name="@AfterClass tearDown" time="0.0" classname="com.learnautomation.pages.BaseClass">
    <skipped/>
  </testcase> <!-- @AfterClass tearDown -->
  <testcase name="loginToApp" time="0.07" classname="com.learnautomation.testcases.LoginTestHRM">
    <failure type="org.openqa.selenium.WebDriverException" message="Returned value cannot be converted to WebElement: {stacktrace=Backtrace:
	Ordinal0 [0x008FA903+1550595]
	Ordinal0 [0x0087A701+1025793]
	Ordinal0 [0x007FC58E+509326]
	Ordinal0 [0x00790FB9+69561]
	Ordinal0 [0x007A8DD7+167383]
	Ordinal0 [0x007A77F2+161778]
	Ordinal0 [0x007A73CA+160714]
	Ordinal0 [0x0078221E+8734]
	Ordinal0 [0x00782606+9734]
	Ordinal0 [0x00782C80+11392]
	Ordinal0 [0x008942C7+1131207]
	GetHandleVerifier [0x009970FD+523789]
	GetHandleVerifier [0x00996E90+523168]
	GetHandleVerifier [0x0099E1E7+552695]
	GetHandleVerifier [0x009978FA+525834]
	Ordinal0 [0x0088B7FC+1095676]
	Ordinal0 [0x00782053+8275]
	Ordinal0 [0x00781DA7+7591]
	GetHandleVerifier [0x00CFA3BC+4075724]
	BaseThreadInitThunk [0x74C86359+25]
	RtlGetAppContainerNamedObjectPath [0x76F07B74+228]
	RtlGetAppContainerNamedObjectPath [0x76F07B44+180]
, error=invalid session id, message=invalid session id}
Build info: version: &amp;apos;3.1.0&amp;apos;, revision: &amp;apos;b94c902&amp;apos;, time: &amp;apos;2017-02-16 12:21:31 -0800&amp;apos;
System info: host: &amp;apos;MININT-SMKHDAE&amp;apos;, ip: &amp;apos;192.168.58.87&amp;apos;, os.name: &amp;apos;Windows 10&amp;apos;, os.arch: &amp;apos;amd64&amp;apos;, os.version: &amp;apos;10.0&amp;apos;, java.version: &amp;apos;1.8.0_221&amp;apos;
Driver info: driver.version: RemoteWebDriver">
      <![CDATA[org.openqa.selenium.WebDriverException: Returned value cannot be converted to WebElement: {stacktrace=Backtrace:
Ordinal0 [0x008FA903+1550595]
Ordinal0 [0x0087A701+1025793]
Ordinal0 [0x007FC58E+509326]
Ordinal0 [0x00790FB9+69561]
Ordinal0 [0x007A8DD7+167383]
Ordinal0 [0x007A77F2+161778]
Ordinal0 [0x007A73CA+160714]
Ordinal0 [0x0078221E+8734]
Ordinal0 [0x00782606+9734]
Ordinal0 [0x00782C80+11392]
Ordinal0 [0x008942C7+1131207]
GetHandleVerifier [0x009970FD+523789]
GetHandleVerifier [0x00996E90+523168]
GetHandleVerifier [0x0099E1E7+552695]
GetHandleVerifier [0x009978FA+525834]
Ordinal0 [0x0088B7FC+1095676]
Ordinal0 [0x00782053+8275]
Ordinal0 [0x00781DA7+7591]
GetHandleVerifier [0x00CFA3BC+4075724]
BaseThreadInitThunk [0x74C86359+25]
RtlGetAppContainerNamedObjectPath [0x76F07B74+228]
RtlGetAppContainerNamedObjectPath [0x76F07B44+180]
, error=invalid session id, message=invalid session id}
Build info: version: '3.1.0', revision: 'b94c902', time: '2017-02-16 12:21:31 -0800'
System info: host: 'MININT-SMKHDAE', ip: '192.168.58.87', os.name: 'Windows 10', os.arch: 'amd64', os.version: '10.0', java.version: '1.8.0_221'
Driver info: driver.version: RemoteWebDriver
at org.openqa.selenium.remote.RemoteWebDriver.findElement(RemoteWebDriver.java:375)
at org.openqa.selenium.remote.RemoteWebDriver.findElementById(RemoteWebDriver.java:417)
at org.openqa.selenium.By$ById.findElement(By.java:218)
at org.openqa.selenium.remote.RemoteWebDriver.findElement(RemoteWebDriver.java:360)
at org.openqa.selenium.support.pagefactory.DefaultElementLocator.findElement(DefaultElementLocator.java:69)
at org.openqa.selenium.support.pagefactory.internal.LocatingElementHandler.invoke(LocatingElementHandler.java:38)
at com.sun.proxy.$Proxy9.sendKeys(Unknown Source)
at com.learnautomation.pages.LoginPage.loginToHRM(LoginPage.java:26)
at com.learnautomation.testcases.LoginTestHRM.loginToApp(LoginTestHRM.java:22)
Caused by: java.lang.ClassCastException: com.google.common.collect.Maps$TransformedEntriesMap cannot be cast to org.openqa.selenium.WebElement
at org.openqa.selenium.remote.RemoteWebDriver.findElement(RemoteWebDriver.java:373)
... 33 more
... Removed 25 stack frames]]>
    </failure>
  </testcase> <!-- loginToApp -->
</testsuite> <!-- Test -->
